<?xml version="1.0" encoding="UTF-8" ?>
<testsuite tests="6" failures="0" name="TestSuite" time="15.086" errors="0" skipped="0">
  <properties>
    <property name="java.runtime.name" value="Java(TM) SE Runtime Environment"/>
    <property name="sun.boot.library.path" value="D:\tools\Java\jdk1.8.0_221\jre\bin"/>
    <property name="java.vm.version" value="25.221-b11"/>
    <property name="java.vm.vendor" value="Oracle Corporation"/>
    <property name="java.vendor.url" value="http://java.oracle.com/"/>
    <property name="path.separator" value=";"/>
    <property name="java.vm.name" value="Java HotSpot(TM) 64-Bit Server VM"/>
    <property name="file.encoding.pkg" value="sun.io"/>
    <property name="user.script" value=""/>
    <property name="user.country" value="CN"/>
    <property name="sun.java.launcher" value="SUN_STANDARD"/>
    <property name="sun.os.patch.level" value="Service Pack 1"/>
    <property name="java.vm.specification.name" value="Java Virtual Machine Specification"/>
    <property name="user.dir" value="D:\javaPorjects\autoTest8"/>
    <property name="java.runtime.version" value="1.8.0_221-b11"/>
    <property name="java.awt.graphicsenv" value="sun.awt.Win32GraphicsEnvironment"/>
    <property name="basedir" value="D:\javaPorjects\autoTest8"/>
    <property name="java.endorsed.dirs" value="D:\tools\Java\jdk1.8.0_221\jre\lib\endorsed"/>
    <property name="os.arch" value="amd64"/>
    <property name="surefire.real.class.path" value="D:\javaPorjects\autoTest8\target\surefire\surefirebooter7621731097294625412.jar"/>
    <property name="java.io.tmpdir" value="C:\Users\wangkui\AppData\Local\Temp\"/>
    <property name="line.separator" value="
"/>
    <property name="java.vm.specification.vendor" value="Oracle Corporation"/>
    <property name="user.variant" value=""/>
    <property name="os.name" value="Windows 7"/>
    <property name="idea.version2020.1" value="true"/>
    <property name="sun.jnu.encoding" value="GBK"/>
    <property name="java.library.path" value="D:\tools\Java\jdk1.8.0_221\jre\bin;C:\Windows\Sun\Java\bin;C:\Windows\system32;C:\Windows;D:\tools\Xshell 6\;D:\tools\Xftp 6\;C:\Program Files (x86)\Common Files\Oracle\Java\javapath;C:\Windows\system32;C:\Windows;C:\Windows\System32\Wbem;C:\Windows\System32\WindowsPowerShell\v1.0\;C:\strawberry\c\bin;C:\strawberry\perl\bin;C:\Program Files\Intel\WiFi\bin\;C:\Program Files\Common Files\Intel\WirelessCommon\;D:\tools\Java\jdk1.8.0_221\bin;D:\tools\Java\jdk1.8.0_221\jre\bin;D:\Program Files (x86)\Android\android-sdk\tools;D:\Program Files (x86)\Android\android-sdk\platform-tools;D:\tools\Git\cmd;D:\tools\MySQL\MySQL Server 5.5\bin;D:\tools\platform-tools;D:\tools\apache-maven-3.5.2\bin;C:\Program Files\Git\cmd;C:\Program Files\Intel\WiFi\bin\;C:\Program Files\Common Files\Intel\WirelessCommon\;D:\tools\Fiddler;%IntelliJ IDEA%;."/>
    <property name="surefire.test.class.path" value="D:\javaPorjects\autoTest8\target\test-classes;D:\javaPorjects\autoTest8\target\classes;E:\maven_repository\org\apache\httpcomponents\httpclient\4.1.2\httpclient-4.1.2.jar;E:\maven_repository\org\apache\httpcomponents\httpcore\4.4.10\httpcore-4.4.10.jar;E:\maven_repository\commons-codec\commons-codec\1.11\commons-codec-1.11.jar;E:\maven_repository\org\json\json\20170516\json-20170516.jar;E:\maven_repository\org\mybatis\mybatis\3.4.4\mybatis-3.4.4.jar;E:\maven_repository\mysql\mysql-connector-java\5.1.6\mysql-connector-java-5.1.6.jar;E:\maven_repository\com\relevantcodes\extentreports\2.41.2\extentreports-2.41.2.jar;E:\maven_repository\org\jsoup\jsoup\1.8.3\jsoup-1.8.3.jar;E:\maven_repository\org\xerial\sqlite-jdbc\3.21.0.1\sqlite-jdbc-3.21.0.1.jar;E:\maven_repository\org\freemarker\freemarker\2.3.28\freemarker-2.3.28.jar;E:\maven_repository\org\mongodb\mongodb-driver\3.6.4\mongodb-driver-3.6.4.jar;E:\maven_repository\org\mongodb\bson\3.6.4\bson-3.6.4.jar;E:\maven_repository\org\mongodb\mongodb-driver-core\3.6.4\mongodb-driver-core-3.6.4.jar;E:\maven_repository\com\aventstack\extentreports\3.0.7\extentreports-3.0.7.jar;E:\maven_repository\org\apache\httpcomponents\httpmime\4.5.6\httpmime-4.5.6.jar;E:\maven_repository\com\google\code\gson\gson\2.8.5\gson-2.8.5.jar;E:\maven_repository\com\vimalselvam\testng-extentsreport\1.3.1\testng-extentsreport-1.3.1.jar;E:\maven_repository\com\google\guava\guava\20.0\guava-20.0.jar;E:\maven_repository\org\projectlombok\lombok\1.16.22\lombok-1.16.22.jar;E:\maven_repository\org\testng\testng\6.9.10\testng-6.9.10.jar;E:\maven_repository\com\beust\jcommander\1.48\jcommander-1.48.jar;E:\maven_repository\org\beanshell\bsh\2.0b4\bsh-2.0b4.jar;E:\maven_repository\commons-logging\commons-logging\1.2\commons-logging-1.2.jar;"/>
    <property name="java.specification.name" value="Java Platform API Specification"/>
    <property name="java.class.version" value="52.0"/>
    <property name="sun.management.compiler" value="HotSpot 64-Bit Tiered Compilers"/>
    <property name="os.version" value="6.1"/>
    <property name="user.home" value="C:\Users\wangkui"/>
    <property name="user.timezone" value="Asia/Shanghai"/>
    <property name="java.awt.printerjob" value="sun.awt.windows.WPrinterJob"/>
    <property name="java.specification.version" value="1.8"/>
    <property name="file.encoding" value="GBK"/>
    <property name="user.name" value="wangkui"/>
    <property name="java.class.path" value="D:\javaPorjects\autoTest8\target\test-classes;D:\javaPorjects\autoTest8\target\classes;E:\maven_repository\org\apache\httpcomponents\httpclient\4.1.2\httpclient-4.1.2.jar;E:\maven_repository\org\apache\httpcomponents\httpcore\4.4.10\httpcore-4.4.10.jar;E:\maven_repository\commons-codec\commons-codec\1.11\commons-codec-1.11.jar;E:\maven_repository\org\json\json\20170516\json-20170516.jar;E:\maven_repository\org\mybatis\mybatis\3.4.4\mybatis-3.4.4.jar;E:\maven_repository\mysql\mysql-connector-java\5.1.6\mysql-connector-java-5.1.6.jar;E:\maven_repository\com\relevantcodes\extentreports\2.41.2\extentreports-2.41.2.jar;E:\maven_repository\org\jsoup\jsoup\1.8.3\jsoup-1.8.3.jar;E:\maven_repository\org\xerial\sqlite-jdbc\3.21.0.1\sqlite-jdbc-3.21.0.1.jar;E:\maven_repository\org\freemarker\freemarker\2.3.28\freemarker-2.3.28.jar;E:\maven_repository\org\mongodb\mongodb-driver\3.6.4\mongodb-driver-3.6.4.jar;E:\maven_repository\org\mongodb\bson\3.6.4\bson-3.6.4.jar;E:\maven_repository\org\mongodb\mongodb-driver-core\3.6.4\mongodb-driver-core-3.6.4.jar;E:\maven_repository\com\aventstack\extentreports\3.0.7\extentreports-3.0.7.jar;E:\maven_repository\org\apache\httpcomponents\httpmime\4.5.6\httpmime-4.5.6.jar;E:\maven_repository\com\google\code\gson\gson\2.8.5\gson-2.8.5.jar;E:\maven_repository\com\vimalselvam\testng-extentsreport\1.3.1\testng-extentsreport-1.3.1.jar;E:\maven_repository\com\google\guava\guava\20.0\guava-20.0.jar;E:\maven_repository\org\projectlombok\lombok\1.16.22\lombok-1.16.22.jar;E:\maven_repository\org\testng\testng\6.9.10\testng-6.9.10.jar;E:\maven_repository\com\beust\jcommander\1.48\jcommander-1.48.jar;E:\maven_repository\org\beanshell\bsh\2.0b4\bsh-2.0b4.jar;E:\maven_repository\commons-logging\commons-logging\1.2\commons-logging-1.2.jar;"/>
    <property name="java.vm.specification.version" value="1.8"/>
    <property name="sun.arch.data.model" value="64"/>
    <property name="java.home" value="D:\tools\Java\jdk1.8.0_221\jre"/>
    <property name="sun.java.command" value="D:\javaPorjects\autoTest8\target\surefire\surefirebooter7621731097294625412.jar D:\javaPorjects\autoTest8\target\surefire\surefire1070820099017531538tmp D:\javaPorjects\autoTest8\target\surefire\surefire5785282910894050173tmp"/>
    <property name="java.specification.vendor" value="Oracle Corporation"/>
    <property name="user.language" value="zh"/>
    <property name="awt.toolkit" value="sun.awt.windows.WToolkit"/>
    <property name="java.vm.info" value="mixed mode"/>
    <property name="java.version" value="1.8.0_221"/>
    <property name="java.ext.dirs" value="D:\tools\Java\jdk1.8.0_221\jre\lib\ext;C:\Windows\Sun\Java\lib\ext"/>
    <property name="sun.boot.class.path" value="D:\tools\Java\jdk1.8.0_221\jre\lib\resources.jar;D:\tools\Java\jdk1.8.0_221\jre\lib\rt.jar;D:\tools\Java\jdk1.8.0_221\jre\lib\sunrsasign.jar;D:\tools\Java\jdk1.8.0_221\jre\lib\jsse.jar;D:\tools\Java\jdk1.8.0_221\jre\lib\jce.jar;D:\tools\Java\jdk1.8.0_221\jre\lib\charsets.jar;D:\tools\Java\jdk1.8.0_221\jre\lib\jfr.jar;D:\tools\Java\jdk1.8.0_221\jre\classes"/>
    <property name="java.vendor" value="Oracle Corporation"/>
    <property name="localRepository" value="E:\maven_repository"/>
    <property name="file.separator" value="\"/>
    <property name="java.vendor.url.bug" value="http://bugreport.sun.com/bugreport/"/>
    <property name="sun.cpu.endian" value="little"/>
    <property name="sun.io.unicode.encoding" value="UnicodeLittle"/>
    <property name="sun.desktop" value="windows"/>
    <property name="sun.cpu.isalist" value="amd64"/>
  </properties>
  <testcase classname="com.course.cases.LoginTest" name="loginTrue" time="1.77"/>
  <testcase classname="com.course.cases.LoginTest" name="loginFalse" time="0.11"/>
  <testcase classname="com.course.cases.AddUserTest" name="addUser" time="2.15"/>
  <testcase classname="com.course.cases.GetUserInfoListTest" name="getUserListInfo" time="2.211"/>
  <testcase classname="com.course.cases.GetUserInfoTest" name="getUserInfo" time="2.75"/>
  <testcase classname="com.course.cases.UpdateUserInfoTest" name="deleteUser" time="4.335"/>
</testsuite>