<?xml version="1.0" encoding="UTF-8"?>
<!-- Generated by org.testng.reporters.JUnitReportReporter -->
<testsuite hostname="wangkui-PC" name="com.course.cases.UpdateUserInfoTest" tests="1" failures="0" timestamp="5 May 2020 03:35:08 GMT" time="4.335" errors="0">
  <testcase name="deleteUser" time="4.335" classname="com.course.cases.UpdateUserInfoTest"/>
</testsuite> <!-- com.course.cases.UpdateUserInfoTest -->
