<?xml version="1.0" encoding="UTF-8"?>
<!-- Generated by org.testng.reporters.JUnitReportReporter -->
<testsuite hostname="wangkui-PC" name="com.course.cases.LoginTest" tests="2" failures="0" timestamp="5 May 2020 03:35:08 GMT" time="1.880" errors="0">
  <testcase name="loginTrue" time="1.770" classname="com.course.cases.LoginTest"/>
  <testcase name="loginFalse" time="0.110" classname="com.course.cases.LoginTest"/>
</testsuite> <!-- com.course.cases.LoginTest -->
