<?xml version="1.0" encoding="UTF-8"?>
<!-- Generated by org.testng.reporters.JUnitReportReporter -->
<testsuite hostname="wangkui-PC" name="com.course.cases.GetUserInfoTest" tests="1" failures="0" timestamp="5 May 2020 03:35:08 GMT" time="2.750" errors="0">
  <testcase name="getUserInfo" time="2.750" classname="com.course.cases.GetUserInfoTest"/>
</testsuite> <!-- com.course.cases.GetUserInfoTest -->
